{"/Users/shelleykmorris/Desktop/Thinkful/shopping-list/test/test-server.js":{"path":"/Users/shelleykmorris/Desktop/Thinkful/shopping-list/test/test-server.js","s":{"1":1,"2":1,"3":1,"4":1,"5":1,"6":1,"7":1,"8":1,"9":0,"10":0,"11":0,"12":0,"13":0,"14":0,"15":0,"16":0,"17":0,"18":0,"19":0,"20":0,"21":0,"22":0,"23":0,"24":0,"25":0,"26":0,"27":0,"28":0,"29":0,"30":0,"31":0,"32":0,"33":0,"34":0,"35":0,"36":0,"37":0,"38":0,"39":0,"40":0,"41":0,"42":0,"43":0,"44":0,"45":0,"46":0,"47":0,"48":0,"49":0,"50":0,"51":0,"52":0,"53":0,"54":0,"55":0,"56":0,"57":0,"58":0,"59":0,"60":0,"61":0,"62":0,"63":0,"64":0,"65":0,"66":0,"67":0,"68":0,"69":0,"70":0,"71":0,"72":0,"73":0},"b":{},"f":{"1":0,"2":0,"3":0,"4":0,"5":0,"6":0,"7":0},"fnMap":{"1":{"name":"(anonymous_1)","line":12,"loc":{"start":{"line":12,"column":26},"end":{"line":12,"column":37}}},"2":{"name":"(anonymous_2)","line":13,"loc":{"start":{"line":13,"column":33},"end":{"line":13,"column":48}}},"3":{"name":"(anonymous_3)","line":16,"loc":{"start":{"line":16,"column":15},"end":{"line":16,"column":34}}},"4":{"name":"(anonymous_4)","line":33,"loc":{"start":{"line":33,"column":37},"end":{"line":33,"column":52}}},"5":{"name":"(anonymous_5)","line":37,"loc":{"start":{"line":37,"column":17},"end":{"line":37,"column":36}}},"6":{"name":"(anonymous_6)","line":58,"loc":{"start":{"line":58,"column":37},"end":{"line":58,"column":52}}},"7":{"name":"(anonymous_7)","line":62,"loc":{"start":{"line":62,"column":13},"end":{"line":62,"column":32}}}},"statementMap":{"1":{"start":{"line":1,"column":0},"end":{"line":1,"column":27}},"2":{"start":{"line":2,"column":0},"end":{"line":2,"column":36}},"3":{"start":{"line":3,"column":0},"end":{"line":3,"column":37}},"4":{"start":{"line":5,"column":0},"end":{"line":5,"column":27}},"5":{"start":{"line":6,"column":0},"end":{"line":6,"column":21}},"6":{"start":{"line":7,"column":0},"end":{"line":7,"column":29}},"7":{"start":{"line":9,"column":0},"end":{"line":9,"column":19}},"8":{"start":{"line":12,"column":0},"end":{"line":92,"column":3}},"9":{"start":{"line":13,"column":2},"end":{"line":32,"column":5}},"10":{"start":{"line":14,"column":6},"end":{"line":31,"column":13}},"11":{"start":{"line":17,"column":16},"end":{"line":17,"column":40}},"12":{"start":{"line":18,"column":16},"end":{"line":18,"column":44}},"13":{"start":{"line":19,"column":16},"end":{"line":19,"column":35}},"14":{"start":{"line":20,"column":16},"end":{"line":20,"column":46}},"15":{"start":{"line":21,"column":16},"end":{"line":21,"column":47}},"16":{"start":{"line":22,"column":16},"end":{"line":22,"column":50}},"17":{"start":{"line":23,"column":16},"end":{"line":23,"column":55}},"18":{"start":{"line":24,"column":16},"end":{"line":24,"column":57}},"19":{"start":{"line":25,"column":16},"end":{"line":25,"column":53}},"20":{"start":{"line":26,"column":16},"end":{"line":26,"column":55}},"21":{"start":{"line":27,"column":16},"end":{"line":27,"column":61}},"22":{"start":{"line":28,"column":16},"end":{"line":28,"column":58}},"23":{"start":{"line":29,"column":16},"end":{"line":29,"column":57}},"24":{"start":{"line":30,"column":14},"end":{"line":30,"column":21}},"25":{"start":{"line":33,"column":4},"end":{"line":57,"column":9}},"26":{"start":{"line":34,"column":8},"end":{"line":56,"column":15}},"27":{"start":{"line":38,"column":16},"end":{"line":38,"column":40}},"28":{"start":{"line":39,"column":16},"end":{"line":39,"column":44}},"29":{"start":{"line":40,"column":16},"end":{"line":40,"column":35}},"30":{"start":{"line":41,"column":16},"end":{"line":41,"column":47}},"31":{"start":{"line":42,"column":16},"end":{"line":42,"column":54}},"32":{"start":{"line":43,"column":16},"end":{"line":43,"column":52}},"33":{"start":{"line":44,"column":16},"end":{"line":44,"column":52}},"34":{"start":{"line":45,"column":16},"end":{"line":45,"column":50}},"35":{"start":{"line":46,"column":16},"end":{"line":46,"column":51}},"36":{"start":{"line":47,"column":16},"end":{"line":47,"column":51}},"37":{"start":{"line":48,"column":16},"end":{"line":48,"column":52}},"38":{"start":{"line":49,"column":16},"end":{"line":49,"column":55}},"39":{"start":{"line":50,"column":16},"end":{"line":50,"column":60}},"40":{"start":{"line":51,"column":16},"end":{"line":51,"column":62}},"41":{"start":{"line":52,"column":16},"end":{"line":52,"column":58}},"42":{"start":{"line":53,"column":16},"end":{"line":53,"column":60}},"43":{"start":{"line":54,"column":16},"end":{"line":54,"column":59}},"44":{"start":{"line":55,"column":16},"end":{"line":55,"column":23}},"45":{"start":{"line":58,"column":4},"end":{"line":81,"column":7}},"46":{"start":{"line":59,"column":6},"end":{"line":80,"column":11}},"47":{"start":{"line":63,"column":10},"end":{"line":63,"column":34}},"48":{"start":{"line":64,"column":10},"end":{"line":64,"column":38}},"49":{"start":{"line":65,"column":10},"end":{"line":65,"column":29}},"50":{"start":{"line":66,"column":10},"end":{"line":66,"column":41}},"51":{"start":{"line":67,"column":10},"end":{"line":67,"column":48}},"52":{"start":{"line":68,"column":10},"end":{"line":68,"column":46}},"53":{"start":{"line":69,"column":10},"end":{"line":69,"column":46}},"54":{"start":{"line":70,"column":10},"end":{"line":70,"column":50}},"55":{"start":{"line":71,"column":10},"end":{"line":71,"column":41}},"56":{"start":{"line":72,"column":10},"end":{"line":72,"column":47}},"57":{"start":{"line":73,"column":10},"end":{"line":73,"column":49}},"58":{"start":{"line":74,"column":10},"end":{"line":74,"column":54}},"59":{"start":{"line":75,"column":10},"end":{"line":75,"column":56}},"60":{"start":{"line":76,"column":10},"end":{"line":76,"column":52}},"61":{"start":{"line":77,"column":10},"end":{"line":77,"column":54}},"62":{"start":{"line":78,"column":10},"end":{"line":78,"column":55}},"63":{"start":{"line":79,"column":10},"end":{"line":79,"column":17}},"64":{"start":{"line":82,"column":4},"end":{"line":82,"column":42}},"65":{"start":{"line":83,"column":4},"end":{"line":83,"column":43}},"66":{"start":{"line":84,"column":4},"end":{"line":84,"column":40}},"67":{"start":{"line":85,"column":4},"end":{"line":85,"column":41}},"68":{"start":{"line":86,"column":4},"end":{"line":86,"column":51}},"69":{"start":{"line":87,"column":4},"end":{"line":87,"column":71}},"70":{"start":{"line":88,"column":4},"end":{"line":88,"column":50}},"71":{"start":{"line":89,"column":4},"end":{"line":89,"column":39}},"72":{"start":{"line":90,"column":4},"end":{"line":90,"column":58}},"73":{"start":{"line":91,"column":4},"end":{"line":91,"column":54}}},"branchMap":{}}}