{"/Users/shelleykmorris/Desktop/Thinkful/shopping-list/server.js":{"path":"/Users/shelleykmorris/Desktop/Thinkful/shopping-list/server.js","s":{"1":1,"2":1,"3":1,"4":1,"5":4,"6":4,"7":4,"8":4,"9":0,"10":0,"11":0,"12":0,"13":1,"14":1,"15":1,"16":4,"17":1,"18":1,"19":1,"20":1,"21":1,"22":1,"23":1,"24":1,"25":1,"26":1,"27":1,"28":1,"29":1,"30":1,"31":1,"32":1,"33":1,"34":1,"35":0,"36":1,"37":1,"38":1,"39":0,"40":0,"41":0,"42":0,"43":1,"44":1,"45":0,"46":1,"47":1,"48":1,"49":0,"50":0,"51":1,"52":1,"53":1},"b":{"1":[0,0],"2":[1,3],"3":[0,1],"4":[0,0],"5":[0,1],"6":[1,1],"7":[1,0],"8":[1,1]},"f":{"1":4,"2":0,"3":0,"4":1,"5":4,"6":1,"7":1,"8":1,"9":0,"10":1},"fnMap":{"1":{"name":"(anonymous_1)","line":6,"loc":{"start":{"line":6,"column":7},"end":{"line":6,"column":22}}},"2":{"name":"(anonymous_2)","line":12,"loc":{"start":{"line":12,"column":10},"end":{"line":12,"column":23}}},"3":{"name":"(anonymous_3)","line":14,"loc":{"start":{"line":14,"column":21},"end":{"line":14,"column":43}}},"4":{"name":"(anonymous_4)","line":19,"loc":{"start":{"line":19,"column":8},"end":{"line":19,"column":27}}},"5":{"name":"(anonymous_5)","line":22,"loc":{"start":{"line":22,"column":21},"end":{"line":22,"column":43}}},"6":{"name":"(anonymous_6)","line":32,"loc":{"start":{"line":32,"column":20},"end":{"line":32,"column":31}}},"7":{"name":"(anonymous_7)","line":48,"loc":{"start":{"line":48,"column":18},"end":{"line":48,"column":46}}},"8":{"name":"(anonymous_8)","line":52,"loc":{"start":{"line":52,"column":31},"end":{"line":52,"column":59}}},"9":{"name":"(anonymous_9)","line":61,"loc":{"start":{"line":61,"column":37},"end":{"line":61,"column":65}}},"10":{"name":"(anonymous_10)","line":70,"loc":{"start":{"line":70,"column":34},"end":{"line":70,"column":62}}}},"statementMap":{"1":{"start":{"line":1,"column":0},"end":{"line":1,"column":33}},"2":{"start":{"line":2,"column":0},"end":{"line":2,"column":40}},"3":{"start":{"line":3,"column":0},"end":{"line":3,"column":35}},"4":{"start":{"line":5,"column":0},"end":{"line":30,"column":2}},"5":{"start":{"line":7,"column":4},"end":{"line":7,"column":44}},"6":{"start":{"line":8,"column":4},"end":{"line":8,"column":26}},"7":{"start":{"line":9,"column":4},"end":{"line":9,"column":20}},"8":{"start":{"line":10,"column":4},"end":{"line":10,"column":16}},"9":{"start":{"line":13,"column":4},"end":{"line":13,"column":34}},"10":{"start":{"line":14,"column":4},"end":{"line":17,"column":5}},"11":{"start":{"line":15,"column":6},"end":{"line":16,"column":36}},"12":{"start":{"line":16,"column":6},"end":{"line":16,"column":36}},"13":{"start":{"line":20,"column":4},"end":{"line":20,"column":34}},"14":{"start":{"line":21,"column":4},"end":{"line":21,"column":20}},"15":{"start":{"line":22,"column":4},"end":{"line":27,"column":7}},"16":{"start":{"line":23,"column":6},"end":{"line":26,"column":7}},"17":{"start":{"line":24,"column":8},"end":{"line":24,"column":25}},"18":{"start":{"line":25,"column":8},"end":{"line":25,"column":27}},"19":{"start":{"line":28,"column":4},"end":{"line":28,"column":23}},"20":{"start":{"line":32,"column":0},"end":{"line":37,"column":2}},"21":{"start":{"line":33,"column":2},"end":{"line":33,"column":39}},"22":{"start":{"line":34,"column":2},"end":{"line":34,"column":21}},"23":{"start":{"line":35,"column":2},"end":{"line":35,"column":20}},"24":{"start":{"line":36,"column":2},"end":{"line":36,"column":17}},"25":{"start":{"line":39,"column":0},"end":{"line":39,"column":30}},"26":{"start":{"line":41,"column":0},"end":{"line":41,"column":27}},"27":{"start":{"line":42,"column":0},"end":{"line":42,"column":24}},"28":{"start":{"line":43,"column":0},"end":{"line":43,"column":23}},"29":{"start":{"line":45,"column":0},"end":{"line":45,"column":20}},"30":{"start":{"line":46,"column":0},"end":{"line":46,"column":34}},"31":{"start":{"line":48,"column":0},"end":{"line":50,"column":3}},"32":{"start":{"line":49,"column":4},"end":{"line":49,"column":33}},"33":{"start":{"line":52,"column":0},"end":{"line":59,"column":3}},"34":{"start":{"line":53,"column":4},"end":{"line":55,"column":5}},"35":{"start":{"line":54,"column":8},"end":{"line":54,"column":40}},"36":{"start":{"line":57,"column":4},"end":{"line":57,"column":46}},"37":{"start":{"line":58,"column":4},"end":{"line":58,"column":36}},"38":{"start":{"line":61,"column":0},"end":{"line":68,"column":3}},"39":{"start":{"line":62,"column":2},"end":{"line":64,"column":3}},"40":{"start":{"line":63,"column":4},"end":{"line":63,"column":36}},"41":{"start":{"line":66,"column":2},"end":{"line":66,"column":47}},"42":{"start":{"line":67,"column":2},"end":{"line":67,"column":34}},"43":{"start":{"line":70,"column":0},"end":{"line":83,"column":3}},"44":{"start":{"line":71,"column":2},"end":{"line":73,"column":3}},"45":{"start":{"line":72,"column":4},"end":{"line":72,"column":36}},"46":{"start":{"line":76,"column":2},"end":{"line":76,"column":64}},"47":{"start":{"line":77,"column":2},"end":{"line":81,"column":3}},"48":{"start":{"line":77,"column":12},"end":{"line":77,"column":51}},"49":{"start":{"line":79,"column":4},"end":{"line":79,"column":49}},"50":{"start":{"line":80,"column":4},"end":{"line":80,"column":46}},"51":{"start":{"line":85,"column":0},"end":{"line":85,"column":53}},"52":{"start":{"line":87,"column":0},"end":{"line":87,"column":18}},"53":{"start":{"line":88,"column":0},"end":{"line":88,"column":26}}},"branchMap":{"1":{"line":15,"type":"if","locations":[{"start":{"line":15,"column":6},"end":{"line":15,"column":6}},{"start":{"line":15,"column":6},"end":{"line":15,"column":6}}]},"2":{"line":23,"type":"if","locations":[{"start":{"line":23,"column":6},"end":{"line":23,"column":6}},{"start":{"line":23,"column":6},"end":{"line":23,"column":6}}]},"3":{"line":53,"type":"if","locations":[{"start":{"line":53,"column":4},"end":{"line":53,"column":4}},{"start":{"line":53,"column":4},"end":{"line":53,"column":4}}]},"4":{"line":62,"type":"if","locations":[{"start":{"line":62,"column":2},"end":{"line":62,"column":2}},{"start":{"line":62,"column":2},"end":{"line":62,"column":2}}]},"5":{"line":71,"type":"if","locations":[{"start":{"line":71,"column":2},"end":{"line":71,"column":2}},{"start":{"line":71,"column":2},"end":{"line":71,"column":2}}]},"6":{"line":71,"type":"binary-expr","locations":[{"start":{"line":71,"column":6},"end":{"line":71,"column":31}},{"start":{"line":71,"column":35},"end":{"line":71,"column":60}}]},"7":{"line":77,"type":"if","locations":[{"start":{"line":77,"column":2},"end":{"line":77,"column":2}},{"start":{"line":77,"column":2},"end":{"line":77,"column":2}}]},"8":{"line":85,"type":"binary-expr","locations":[{"start":{"line":85,"column":11},"end":{"line":85,"column":27}},{"start":{"line":85,"column":31},"end":{"line":85,"column":35}}]}}}}