TN:
SF:/Users/shelleykmorris/Desktop/Thinkful/shopping-list/server.js
FN:6,(anonymous_1)
FN:12,(anonymous_2)
FN:14,(anonymous_3)
FN:19,(anonymous_4)
FN:22,(anonymous_5)
FN:32,(anonymous_6)
FN:48,(anonymous_7)
FN:52,(anonymous_8)
FN:61,(anonymous_9)
FN:70,(anonymous_10)
FNF:10
FNH:7
FNDA:4,(anonymous_1)
FNDA:0,(anonymous_2)
FNDA:0,(anonymous_3)
FNDA:1,(anonymous_4)
FNDA:4,(anonymous_5)
FNDA:1,(anonymous_6)
FNDA:1,(anonymous_7)
FNDA:1,(anonymous_8)
FNDA:0,(anonymous_9)
FNDA:1,(anonymous_10)
DA:1,1
DA:2,1
DA:3,1
DA:5,1
DA:7,4
DA:8,4
DA:9,4
DA:10,4
DA:13,0
DA:14,0
DA:15,0
DA:16,0
DA:20,1
DA:21,1
DA:22,1
DA:23,4
DA:24,1
DA:25,1
DA:28,1
DA:32,1
DA:33,1
DA:34,1
DA:35,1
DA:36,1
DA:39,1
DA:41,1
DA:42,1
DA:43,1
DA:45,1
DA:46,1
DA:48,1
DA:49,1
DA:52,1
DA:53,1
DA:54,0
DA:57,1
DA:58,1
DA:61,1
DA:62,0
DA:63,0
DA:66,0
DA:67,0
DA:70,1
DA:71,1
DA:72,0
DA:76,1
DA:77,1
DA:79,0
DA:80,0
DA:85,1
DA:87,1
DA:88,1
LF:52
LH:40
BRDA:15,1,0,0
BRDA:15,1,1,0
BRDA:23,2,0,1
BRDA:23,2,1,3
BRDA:53,3,0,0
BRDA:53,3,1,1
BRDA:62,4,0,0
BRDA:62,4,1,0
BRDA:71,5,0,0
BRDA:71,5,1,1
BRDA:71,6,0,1
BRDA:71,6,1,1
BRDA:77,7,0,1
BRDA:77,7,1,0
BRDA:85,8,0,1
BRDA:85,8,1,1
BRF:16
BRH:9
end_of_record
